2018-03-05 23:03:57,135:INFO:
port: 80
count cpu: 4 
root dir: /var/www/html 

2018-03-05 23:03:57,135:INFO:Server start
2018-03-05 23:03:57,136:INFO:Parent pid: 25575
2018-03-05 23:03:57,136:INFO:Parent pid: 25575 Children pid: 25576
2018-03-05 23:03:57,136:INFO:Child pid: 25576
2018-03-05 23:03:57,137:INFO:Parent pid: 25575 Children pid: 25577
2018-03-05 23:03:57,137:INFO:Child pid: 25577
2018-03-05 23:03:57,138:INFO:Parent pid: 25575 Children pid: 25578
2018-03-05 23:03:57,138:INFO:Child pid: 25578
2018-03-05 23:03:57,138:INFO:Parent pid: 25575 Children pid: 25579
2018-03-05 23:03:57,138:INFO:Child pid: 25579
2018-03-05 23:04:35,299:INFO:Error  -  file not found:    /var/www/html/httptest/dir2
2018-03-05 23:04:35,301:INFO:Error  -  file not found:    /var/www/html/httptest/dir1/dir12/dir123/deep.txt
2018-03-05 23:04:35,302:INFO:Error  -  file not found:    /var/www/html/httptest/smdklcdsmvdfjnvdfjvdfvdfvdsfssdmfdsdfsd.html
2018-03-05 23:04:35,304:INFO:Error  -  file not found:    /var/www/html/httptest/dir2/page.html
2018-03-05 23:04:35,305:INFO:Error  -  file not found:    /var/www/html/httptest/text..txt
2018-03-05 23:04:35,306:INFO:Error  -  file not found:    /var/www/html/httptest/dir2/page.html
2018-03-05 23:04:35,307:INFO:Error  -  file not found:    /var/www/html/httptest/space in name.txt
2018-03-05 23:04:35,308:INFO:Error  -  file not found:    /var/www/html/httptest/splash.css
2018-03-05 23:04:35,309:INFO:Error  -  file not found:    /var/www/html/httptest/pic_ask.gif
2018-03-05 23:04:35,310:INFO:Error  -  file not found:    /var/www/html/httptest/dir2/page.html
2018-03-05 23:04:35,311:INFO:Error  -  file not found:    /var/www/html/httptest/ef35c.jpeg
2018-03-05 23:04:35,311:INFO:Error  -  file not found:    /var/www/html/httptest/160313.jpg
2018-03-05 23:04:35,312:INFO:Error  -  file not found:    /var/www/html/httptest/jquery-1.9.1.js
2018-03-05 23:04:35,314:INFO:Error  -  file not found:    /var/www/html/httptest/logo.v2.png
2018-03-05 23:04:35,314:INFO:Error  -  file not found:    /var/www/html/httptest/b16261023.swf
2018-03-05 23:04:35,315:INFO:Error  -  file not found:    /var/www/html/httptest/dir2/page.html
2018-03-05 23:04:35,316:INFO:Error  -  file not found:    /var/www/html/httptest/dir1
2018-03-05 23:04:35,317:INFO:Error  -  file not found:    /var/www/html/httptest/wikipedia_russia.html
2018-03-05 23:04:35,319:INFO:Error  -  file not found:    /var/www/html
2018-03-05 23:04:35,319:INFO:Error  -  file not found:    /var/www/html/httptest
2018-03-05 23:05:25,079:INFO:
port: 80
count cpu: 4 
root dir: /home/max/max/highload/HighLoad 

2018-03-05 23:05:25,080:INFO:Server start
2018-03-05 23:05:25,080:INFO:Parent pid: 25661
2018-03-05 23:05:25,080:INFO:Parent pid: 25661 Children pid: 25662
2018-03-05 23:05:25,080:INFO:Child pid: 25662
2018-03-05 23:05:25,081:INFO:Parent pid: 25661 Children pid: 25663
2018-03-05 23:05:25,081:INFO:Child pid: 25663
2018-03-05 23:05:25,081:INFO:Parent pid: 25661 Children pid: 25664
2018-03-05 23:05:25,081:INFO:Child pid: 25664
2018-03-05 23:05:25,082:INFO:Parent pid: 25661 Children pid: 25665
2018-03-05 23:05:25,082:INFO:Child pid: 25665
2018-03-05 23:05:30,991:INFO:Error  -  file not found:    /home/max/max/highload/HighLoad/httptest/smdklcdsmvdfjnvdfjvdfvdfvdsfssdmfdsdfsd.html
2018-03-05 23:05:31,013:INFO:Error  -  file not found:    /home/max/max/highload/HighLoad/httptest/dir1
2018-03-05 23:05:31,032:INFO:Error  -  file not found:    /home/max/max/highload/HighLoad
2018-03-05 23:05:31,032:INFO:Error  -  file not found:    /home/max/max/highload/HighLoad/httptest
2018-03-06 00:15:52,029:INFO:
port: 80
count cpu: 4 
root dir: /home/max/max/highload/HighLoad 

2018-03-06 00:15:52,029:INFO:Server start
2018-03-06 00:15:52,029:INFO:Parent pid: 30293
2018-03-06 00:15:52,029:INFO:Parent pid: 30293 Children pid: 30294
2018-03-06 00:15:52,029:INFO:Child pid: 30294
2018-03-06 00:15:52,030:INFO:Parent pid: 30293 Children pid: 30295
2018-03-06 00:15:52,030:INFO:Child pid: 30295
2018-03-06 00:15:52,031:INFO:Parent pid: 30293 Children pid: 30296
2018-03-06 00:15:52,031:INFO:Child pid: 30296
2018-03-06 00:15:52,031:INFO:Parent pid: 30293 Children pid: 30297
2018-03-06 00:15:52,031:INFO:Child pid: 30297
2018-03-06 00:16:07,505:INFO:Error  -  file not found:    /home/max/max/highload/HighLoad/httptest/dir2
2018-03-06 00:16:07,508:INFO:Error  -  file not found:    /home/max/max/highload/HighLoad/httptest/dir1/dir12/dir123/deep.txt
2018-03-06 00:16:07,509:INFO:Error  -  file not found:    /home/max/max/highload/HighLoad/httptest/smdklcdsmvdfjnvdfjvdfvdfvdsfssdmfdsdfsd.html
2018-03-06 00:16:07,510:INFO:Error  -  file not found:    /home/max/max/highload/HighLoad/httptest/dir2/page.html
2018-03-06 00:16:07,511:INFO:Error  -  file not found:    /home/max/max/highload/HighLoad/httptest/text..txt
2018-03-06 00:16:07,513:INFO:Error  -  file not found:    /home/max/max/highload/HighLoad/httptest/dir2/page.html
2018-03-06 00:16:07,515:INFO:Error  -  file not found:    /home/max/max/highload/HighLoad/httptest/space in name.txt
2018-03-06 00:16:07,516:INFO:Error  -  file not found:    /home/max/max/highload/HighLoad/httptest/splash.css
2018-03-06 00:16:07,517:INFO:Error  -  file not found:    /home/max/max/highload/HighLoad/httptest/pic_ask.gif
2018-03-06 00:16:07,518:INFO:Error  -  file not found:    /home/max/max/highload/HighLoad/httptest/dir2/page.html
2018-03-06 00:16:07,518:INFO:Error  -  file not found:    /home/max/max/highload/HighLoad/httptest/ef35c.jpeg
2018-03-06 00:16:07,520:INFO:Error  -  file not found:    /home/max/max/highload/HighLoad/httptest/160313.jpg
2018-03-06 00:16:07,521:INFO:Error  -  file not found:    /home/max/max/highload/HighLoad/httptest/jquery-1.9.1.js
2018-03-06 00:16:07,522:INFO:Error  -  file not found:    /home/max/max/highload/HighLoad/httptest/logo.v2.png
2018-03-06 00:16:07,523:INFO:Error  -  file not found:    /home/max/max/highload/HighLoad/httptest/b16261023.swf
2018-03-06 00:16:07,524:INFO:Error  -  file not found:    /home/max/max/highload/HighLoad/httptest/dir2/page.html
2018-03-06 00:16:07,525:INFO:Error  -  file not found:    /home/max/max/highload/HighLoad/httptest/dir1
2018-03-06 00:16:07,526:INFO:Error  -  file not found:    /home/max/max/highload/HighLoad/httptest/wikipedia_russia.html
2018-03-06 00:16:07,527:INFO:Error  -  file not found:    /home/max/max/highload/HighLoad
2018-03-06 00:16:07,527:INFO:Error  -  file not found:    /home/max/max/highload/HighLoad/httptest
2018-03-06 00:17:25,745:INFO:
port: 80
count cpu: 4 
root dir: /home/max/max/highload 

2018-03-06 00:17:25,745:INFO:Server start
2018-03-06 00:17:25,746:INFO:Parent pid: 30743
2018-03-06 00:17:25,747:INFO:Parent pid: 30743 Children pid: 30744
2018-03-06 00:17:25,747:INFO:Child pid: 30744
2018-03-06 00:17:25,748:INFO:Parent pid: 30743 Children pid: 30745
2018-03-06 00:17:25,748:INFO:Child pid: 30745
2018-03-06 00:17:25,749:INFO:Parent pid: 30743 Children pid: 30746
2018-03-06 00:17:25,749:INFO:Child pid: 30746
2018-03-06 00:17:25,751:INFO:Parent pid: 30743 Children pid: 30747
2018-03-06 00:17:25,751:INFO:Child pid: 30747
2018-03-06 00:17:31,219:INFO:Error  -  file not found:    /home/max/max/highload/httptest/smdklcdsmvdfjnvdfjvdfvdfvdsfssdmfdsdfsd.html
2018-03-06 00:17:31,241:INFO:Error  -  file not found:    /home/max/max/highload/httptest/dir1
2018-03-06 00:17:31,256:INFO:Error  -  file not found:    /home/max/max/highload
2018-03-06 00:17:31,256:INFO:Error  -  file not found:    /home/max/max/highload/httptest
